<?xml version="1.0" encoding="UTF-8"?>
<!-- Generated by org.testng.reporters.JUnitReportReporter -->
<testsuite hostname="LPT5128" failures="0" tests="4" name="api.test.UserTest" time="12.863" errors="0" timestamp="2024-07-29T13:26:07 IST" skipped="0">
  <testcase classname="api.test.UserTest" name="testPostUser" time="3.468"/>
  <testcase classname="api.test.UserTest" name="testGetuserByName" time="1.822"/>
  <testcase classname="api.test.UserTest" name="testUserUpdate" time="5.495"/>
  <testcase classname="api.test.UserTest" name="testDeleteUser" time="2.078"/>
</testsuite> <!-- api.test.UserTest -->
