<?xml version="1.0" encoding="UTF-8"?>
<!-- Generated by org.testng.reporters.JUnitReportReporter -->
<testsuite hostname="LPT5128" failures="0" tests="4" name="api.test.UserTest" time="11.323" errors="0" timestamp="29 Jul 2024 07:56:36 GMT">
  <testcase classname="api.test.UserTest" name="testGetuserByName" time="2.006"/>
  <testcase classname="api.test.UserTest" name="testUserUpdate" time="4.190"/>
  <testcase classname="api.test.UserTest" name="testDeleteUser" time="1.978"/>
  <testcase classname="api.test.UserTest" name="testPostUser" time="3.149"/>
</testsuite> <!-- api.test.UserTest -->
